# JRE version: OpenJDK Runtime Environment (11.0.10) (build 11.0.10+0-b96-7249189)
# Java VM: OpenJDK 64-Bit Server VM (11.0.10+0-b96-7249189, mixed mode, tiered, compressed oops, g1 gc, windows-amd64)
Heap:
 garbage-first heap   total 356352K, used 260066K [0x0000000080000000, 0x0000000100000000)
  region size 1024K, 74 young (75776K), 1 survivors (1024K)
 Metaspace       used 135536K, capacity 138750K, committed 140160K, reserved 1171456K
  class space    used 16923K, capacity 18119K, committed 18560K, reserved 1048576K
GC Heap History (20 events):
Event: 1524.013 GC heap before
{Heap before GC invocations=17 (full 0):
 garbage-first heap   total 356352K, used 284066K [0x0000000080000000, 0x0000000100000000)
  region size 1024K, 191 young (195584K), 20 survivors (20480K)
 Metaspace       used 116136K, capacity 119252K, committed 119552K, reserved 1153024K
  class space    used 14880K, capacity 16082K, committed 16128K, reserved 1048576K
}
Event: 1524.027 GC heap after
{Heap after GC invocations=18 (full 0):
 garbage-first heap   total 356352K, used 116760K [0x0000000080000000, 0x0000000100000000)
  region size 1024K, 17 young (17408K), 17 survivors (17408K)
 Metaspace       used 116136K, capacity 119252K, committed 119552K, reserved 1153024K
  class space    used 14880K, capacity 16082K, committed 16128K, reserved 1048576K
}
Event: 2328.705 GC heap before
{Heap before GC invocations=18 (full 0):
 garbage-first heap   total 356352K, used 290840K [0x0000000080000000, 0x0000000100000000)
  region size 1024K, 185 young (189440K), 17 survivors (17408K)
 Metaspace       used 120556K, capacity 124085K, committed 124288K, reserved 1157120K
  class space    used 15360K, capacity 16663K, committed 16768K, reserved 1048576K
}
Event: 2328.727 GC heap after
{Heap after GC invocations=19 (full 0):
 garbage-first heap   total 356352K, used 143943K [0x0000000080000000, 0x0000000100000000)
  region size 1024K, 24 young (24576K), 24 survivors (24576K)
 Metaspace       used 120556K, capacity 124085K, committed 124288K, reserved 1157120K
  class space    used 15360K, capacity 16663K, committed 16768K, reserved 1048576K
}
Event: 2329.409 GC heap before
{Heap before GC invocations=19 (full 0):
 garbage-first heap   total 356352K, used 302663K [0x0000000080000000, 0x0000000100000000)
  region size 1024K, 157 young (160768K), 24 survivors (24576K)
 Metaspace       used 121931K, capacity 125449K, committed 125568K, reserved 1159168K
  class space    used 15473K, capacity 16766K, committed 16768K, reserved 1048576K
}
Event: 2329.428 GC heap after
{Heap after GC invocations=20 (full 0):
 garbage-first heap   total 356352K, used 153069K [0x0000000080000000, 0x0000000100000000)
  region size 1024K, 8 young (8192K), 8 survivors (8192K)
 Metaspace       used 121931K, capacity 125449K, committed 125568K, reserved 1159168K
  class space    used 15473K, capacity 16766K, committed 16768K, reserved 1048576K
}
Event: 2330.130 GC heap before
{Heap before GC invocations=20 (full 0):
 garbage-first heap   total 356352K, used 283117K [0x0000000080000000, 0x0000000100000000)
  region size 1024K, 136 young (139264K), 8 survivors (8192K)
 Metaspace       used 126939K, capacity 130556K, committed 130688K, reserved 1163264K
  class space    used 15868K, capacity 17197K, committed 17280K, reserved 1048576K
}
Event: 2330.143 GC heap after
{Heap after GC invocations=21 (full 0):
 garbage-first heap   total 356352K, used 152789K [0x0000000080000000, 0x0000000100000000)
  region size 1024K, 8 young (8192K), 8 survivors (8192K)
 Metaspace       used 126939K, capacity 130556K, committed 130688K, reserved 1163264K
  class space    used 15868K, capacity 17197K, committed 17280K, reserved 1048576K
}
Event: 2330.949 GC heap before
{Heap before GC invocations=21 (full 0):
 garbage-first heap   total 356352K, used 287957K [0x0000000080000000, 0x0000000100000000)
  region size 1024K, 139 young (142336K), 8 survivors (8192K)
 Metaspace       used 128281K, capacity 131920K, committed 132096K, reserved 1163264K
  class space    used 16004K, capacity 17335K, committed 17408K, reserved 1048576K
}
Event: 2330.959 GC heap after
{Heap after GC invocations=22 (full 0):
 garbage-first heap   total 356352K, used 158463K [0x0000000080000000, 0x0000000100000000)
  region size 1024K, 12 young (12288K), 12 survivors (12288K)
 Metaspace       used 128281K, capacity 131920K, committed 132096K, reserved 1163264K
  class space    used 16004K, capacity 17335K, committed 17408K, reserved 1048576K
}
Event: 2331.464 GC heap before
{Heap before GC invocations=22 (full 0):
 garbage-first heap   total 356352K, used 291583K [0x0000000080000000, 0x0000000100000000)
  region size 1024K, 142 young (145408K), 12 survivors (12288K)
 Metaspace       used 128432K, capacity 132014K, committed 132096K, reserved 1163264K
  class space    used 16025K, capacity 17342K, committed 17408K, reserved 1048576K
}
Event: 2331.477 GC heap after
{Heap after GC invocations=23 (full 0):
 garbage-first heap   total 356352K, used 156858K [0x0000000080000000, 0x0000000100000000)
  region size 1024K, 8 young (8192K), 8 survivors (8192K)
 Metaspace       used 128432K, capacity 132014K, committed 132096K, reserved 1163264K
  class space    used 16025K, capacity 17342K, committed 17408K, reserved 1048576K
}
Event: 2332.056 GC heap before
{Heap before GC invocations=23 (full 0):
 garbage-first heap   total 356352K, used 296122K [0x0000000080000000, 0x0000000100000000)
  region size 1024K, 143 young (146432K), 8 survivors (8192K)
 Metaspace       used 130872K, capacity 134615K, committed 134784K, reserved 1167360K
  class space    used 16349K, capacity 17714K, committed 17792K, reserved 1048576K
}
Event: 2332.077 GC heap after
{Heap after GC invocations=24 (full 0):
 garbage-first heap   total 356352K, used 188655K [0x0000000080000000, 0x0000000100000000)
  region size 1024K, 18 young (18432K), 18 survivors (18432K)
 Metaspace       used 130872K, capacity 134615K, committed 134784K, reserved 1167360K
  class space    used 16349K, capacity 17714K, committed 17792K, reserved 1048576K
}
Event: 2332.381 GC heap before
{Heap before GC invocations=24 (full 0):
 garbage-first heap   total 356352K, used 286959K [0x0000000080000000, 0x0000000100000000)
  region size 1024K, 114 young (116736K), 18 survivors (18432K)
 Metaspace       used 132131K, capacity 135905K, committed 136192K, reserved 1167360K
  class space    used 16500K, capacity 17863K, committed 17920K, reserved 1048576K
}
Event: 2332.437 GC heap after
{Heap after GC invocations=25 (full 0):
 garbage-first heap   total 356352K, used 202664K [0x0000000080000000, 0x0000000100000000)
  region size 1024K, 15 young (15360K), 15 survivors (15360K)
 Metaspace       used 132131K, capacity 135905K, committed 136192K, reserved 1167360K
  class space    used 16500K, capacity 17863K, committed 17920K, reserved 1048576K
}
Event: 2333.083 GC heap before
{Heap before GC invocations=26 (full 0):
 garbage-first heap   total 356352K, used 277416K [0x0000000080000000, 0x0000000100000000)
  region size 1024K, 99 young (101376K), 15 survivors (15360K)
 Metaspace       used 134677K, capacity 137813K, committed 139264K, reserved 1169408K
  class space    used 16858K, capacity 18049K, committed 18432K, reserved 1048576K
}
Event: 2333.105 GC heap after
{Heap after GC invocations=27 (full 0):
 garbage-first heap   total 356352K, used 204800K [0x0000000080000000, 0x0000000100000000)
  region size 1024K, 11 young (11264K), 11 survivors (11264K)
 Metaspace       used 134677K, capacity 137813K, committed 139264K, reserved 1169408K
  class space    used 16858K, capacity 18049K, committed 18432K, reserved 1048576K
}
Event: 2333.155 GC heap before
{Heap before GC invocations=27 (full 0):
 garbage-first heap   total 356352K, used 210944K [0x0000000080000000, 0x0000000100000000)
  region size 1024K, 17 young (17408K), 11 survivors (11264K)
 Metaspace       used 134880K, capacity 137980K, committed 139264K, reserved 1169408K
  class space    used 16897K, capacity 18083K, committed 18432K, reserved 1048576K
}
Event: 2333.175 GC heap after
{Heap after GC invocations=28 (full 0):
 garbage-first heap   total 356352K, used 186338K [0x0000000080000000, 0x0000000100000000)
  region size 1024K, 1 young (1024K), 1 survivors (1024K)
 Metaspace       used 134880K, capacity 137980K, committed 139264K, reserved 1169408K
  class space    used 16897K, capacity 18083K, committed 18432K, reserved 1048576K
}

